<?xml version="1.0" encoding="UTF-8"?>
<!-- Generated by org.testng.reporters.JUnitReportReporter -->
<testsuite hostname="L-ATE-51HYQV3" failures="0" tests="2" name="cucumber.TestNgTestRunner" time="23.373" errors="0" timestamp="2024-04-12T14:58:46 MESZ" skipped="0">
  <testcase classname="cucumber.TestNgTestRunner" name="runScenario" time="11.447"/>
  <testcase classname="cucumber.TestNgTestRunner" name="runScenario" time="11.926"/>
</testsuite> <!-- cucumber.TestNgTestRunner -->
