<?xml version="1.0" encoding="UTF-8"?>
<!-- Generated by org.testng.reporters.JUnitReportReporter -->
<testsuite hostname="L-ATE-51HYQV3" failures="0" tests="1" name="hinteregger.tests.StandAloneTest" time="12.851" errors="0" timestamp="2024-04-12T14:54:01 MESZ" skipped="0">
  <testcase classname="hinteregger.tests.StandAloneTest" name="OrderProductEnd2EndTest" time="12.851"/>
</testsuite> <!-- hinteregger.tests.StandAloneTest -->
